{"src/glue.core.js":{"path":"src/glue.core.js","s":{"1":1,"2":1,"3":1,"4":75,"5":75,"6":78,"7":75,"8":1,"9":85,"10":84,"11":84,"12":3,"13":81,"14":4,"15":77,"16":75,"17":75,"18":0,"19":2,"20":1,"21":1,"22":81,"23":1,"24":4,"25":1,"26":3,"27":1,"28":2,"29":1,"30":1,"31":1,"32":42,"33":42,"34":47,"35":42,"36":1,"37":5,"38":4,"39":4,"40":1,"41":4,"42":1,"43":85,"44":4,"45":5,"46":42,"47":1,"48":85,"49":1,"50":1,"51":1},"b":{"1":[84,1],"2":[3,81],"3":[4,77],"4":[75,2],"5":[1,1],"6":[1,3],"7":[1,2],"8":[3,3],"9":[1,1],"10":[4,1]},"f":{"1":1,"2":75,"3":85,"4":4,"5":42,"6":5,"7":4,"8":85,"9":4,"10":5,"11":42,"12":85},"fnMap":{"1":{"name":"(anonymous_1)","line":15,"loc":{"start":{"line":15,"column":1},"end":{"line":15,"column":31}}},"2":{"name":"nodeListToArray","line":20,"loc":{"start":{"line":20,"column":2},"end":{"line":20,"column":37}}},"3":{"name":"factory","line":31,"loc":{"start":{"line":31,"column":2},"end":{"line":31,"column":33}}},"4":{"name":"get","line":55,"loc":{"start":{"line":55,"column":2},"end":{"line":55,"column":31}}},"5":{"name":"each","line":67,"loc":{"start":{"line":67,"column":2},"end":{"line":67,"column":34}}},"6":{"name":"extend","line":77,"loc":{"start":{"line":77,"column":2},"end":{"line":77,"column":38}}},"7":{"name":"getSelector","line":84,"loc":{"start":{"line":84,"column":2},"end":{"line":84,"column":24}}},"8":{"name":"(anonymous_8)","line":94,"loc":{"start":{"line":94,"column":17},"end":{"line":94,"column":32}}},"9":{"name":"(anonymous_9)","line":98,"loc":{"start":{"line":98,"column":9},"end":{"line":98,"column":26}}},"10":{"name":"(anonymous_10)","line":102,"loc":{"start":{"line":102,"column":12},"end":{"line":102,"column":33}}},"11":{"name":"(anonymous_11)","line":106,"loc":{"start":{"line":106,"column":10},"end":{"line":106,"column":30}}},"12":{"name":"(anonymous_12)","line":112,"loc":{"start":{"line":112,"column":13},"end":{"line":112,"column":28}}}},"statementMap":{"1":{"start":{"line":15,"column":0},"end":{"line":122,"column":21}},"2":{"start":{"line":18,"column":2},"end":{"line":18,"column":45}},"3":{"start":{"line":20,"column":2},"end":{"line":29,"column":3}},"4":{"start":{"line":21,"column":5},"end":{"line":23,"column":14}},"5":{"start":{"line":25,"column":4},"end":{"line":27,"column":5}},"6":{"start":{"line":26,"column":6},"end":{"line":26,"column":26}},"7":{"start":{"line":28,"column":4},"end":{"line":28,"column":21}},"8":{"start":{"line":31,"column":2},"end":{"line":53,"column":3}},"9":{"start":{"line":32,"column":4},"end":{"line":52,"column":5}},"10":{"start":{"line":33,"column":6},"end":{"line":33,"column":21}},"11":{"start":{"line":34,"column":6},"end":{"line":51,"column":7}},"12":{"start":{"line":35,"column":8},"end":{"line":35,"column":36}},"13":{"start":{"line":37,"column":8},"end":{"line":49,"column":9}},"14":{"start":{"line":38,"column":10},"end":{"line":38,"column":23}},"15":{"start":{"line":39,"column":15},"end":{"line":49,"column":9}},"16":{"start":{"line":40,"column":10},"end":{"line":44,"column":11}},"17":{"start":{"line":41,"column":12},"end":{"line":41,"column":62}},"18":{"start":{"line":43,"column":12},"end":{"line":43,"column":22}},"19":{"start":{"line":45,"column":15},"end":{"line":49,"column":9}},"20":{"start":{"line":46,"column":10},"end":{"line":46,"column":31}},"21":{"start":{"line":48,"column":10},"end":{"line":48,"column":20}},"22":{"start":{"line":50,"column":8},"end":{"line":50,"column":38}},"23":{"start":{"line":55,"column":2},"end":{"line":65,"column":3}},"24":{"start":{"line":56,"column":4},"end":{"line":63,"column":5}},"25":{"start":{"line":57,"column":6},"end":{"line":57,"column":13}},"26":{"start":{"line":58,"column":11},"end":{"line":63,"column":5}},"27":{"start":{"line":60,"column":6},"end":{"line":60,"column":16}},"28":{"start":{"line":61,"column":11},"end":{"line":63,"column":5}},"29":{"start":{"line":62,"column":6},"end":{"line":62,"column":45}},"30":{"start":{"line":64,"column":4},"end":{"line":64,"column":26}},"31":{"start":{"line":67,"column":2},"end":{"line":75,"column":3}},"32":{"start":{"line":68,"column":4},"end":{"line":70,"column":12}},"33":{"start":{"line":71,"column":4},"end":{"line":73,"column":5}},"34":{"start":{"line":72,"column":6},"end":{"line":72,"column":66}},"35":{"start":{"line":74,"column":4},"end":{"line":74,"column":22}},"36":{"start":{"line":77,"column":2},"end":{"line":82,"column":3}},"37":{"start":{"line":78,"column":4},"end":{"line":81,"column":5}},"38":{"start":{"line":79,"column":6},"end":{"line":79,"column":52}},"39":{"start":{"line":80,"column":6},"end":{"line":80,"column":72}},"40":{"start":{"line":84,"column":2},"end":{"line":86,"column":3}},"41":{"start":{"line":85,"column":4},"end":{"line":85,"column":20}},"42":{"start":{"line":88,"column":2},"end":{"line":109,"column":4}},"43":{"start":{"line":95,"column":6},"end":{"line":95,"column":25}},"44":{"start":{"line":99,"column":6},"end":{"line":99,"column":30}},"45":{"start":{"line":103,"column":6},"end":{"line":103,"column":31}},"46":{"start":{"line":107,"column":6},"end":{"line":107,"column":34}},"47":{"start":{"line":112,"column":2},"end":{"line":114,"column":4}},"48":{"start":{"line":113,"column":4},"end":{"line":113,"column":47}},"49":{"start":{"line":117,"column":2},"end":{"line":117,"column":61}},"50":{"start":{"line":119,"column":2},"end":{"line":119,"column":25}},"51":{"start":{"line":120,"column":2},"end":{"line":120,"column":33}}},"branchMap":{"1":{"line":32,"type":"if","locations":[{"start":{"line":32,"column":4},"end":{"line":32,"column":4}},{"start":{"line":32,"column":4},"end":{"line":32,"column":4}}]},"2":{"line":34,"type":"if","locations":[{"start":{"line":34,"column":6},"end":{"line":34,"column":6}},{"start":{"line":34,"column":6},"end":{"line":34,"column":6}}]},"3":{"line":37,"type":"if","locations":[{"start":{"line":37,"column":8},"end":{"line":37,"column":8}},{"start":{"line":37,"column":8},"end":{"line":37,"column":8}}]},"4":{"line":39,"type":"if","locations":[{"start":{"line":39,"column":15},"end":{"line":39,"column":15}},{"start":{"line":39,"column":15},"end":{"line":39,"column":15}}]},"5":{"line":45,"type":"if","locations":[{"start":{"line":45,"column":15},"end":{"line":45,"column":15}},{"start":{"line":45,"column":15},"end":{"line":45,"column":15}}]},"6":{"line":56,"type":"if","locations":[{"start":{"line":56,"column":4},"end":{"line":56,"column":4}},{"start":{"line":56,"column":4},"end":{"line":56,"column":4}}]},"7":{"line":58,"type":"if","locations":[{"start":{"line":58,"column":11},"end":{"line":58,"column":11}},{"start":{"line":58,"column":11},"end":{"line":58,"column":11}}]},"8":{"line":58,"type":"binary-expr","locations":[{"start":{"line":58,"column":14},"end":{"line":58,"column":28}},{"start":{"line":58,"column":32},"end":{"line":58,"column":51}}]},"9":{"line":61,"type":"if","locations":[{"start":{"line":61,"column":11},"end":{"line":61,"column":11}},{"start":{"line":61,"column":11},"end":{"line":61,"column":11}}]},"10":{"line":78,"type":"if","locations":[{"start":{"line":78,"column":4},"end":{"line":78,"column":4}},{"start":{"line":78,"column":4},"end":{"line":78,"column":4}}]}}},"src/glue.utilities.js":{"path":"src/glue.utilities.js","s":{"1":1,"2":1,"3":8,"4":24,"5":24,"6":24,"7":1,"8":23,"9":0,"10":8,"11":1,"12":3,"13":3,"14":2,"15":4,"16":1,"17":1,"18":2,"19":2,"20":3,"21":1,"22":2,"23":1,"24":324,"25":81,"26":243,"27":2,"28":241,"29":2,"30":1,"31":1,"32":1,"33":239,"34":1,"35":1,"36":1,"37":1,"38":7,"39":1,"40":3,"41":1,"42":2,"43":1,"44":105,"45":1,"46":81,"47":1,"48":2,"49":1,"50":2,"51":1,"52":92,"53":1,"54":3,"55":1,"56":8,"57":1,"58":29,"59":1,"60":2,"61":1,"62":1},"b":{"1":[24,0],"2":[1,23],"3":[2,1],"4":[1,0],"5":[2,0],"6":[81,243],"7":[2,241],"8":[2,239],"9":[1,0]},"f":{"1":1,"2":8,"3":3,"4":2,"5":324,"6":1,"7":7,"8":3,"9":2,"10":105,"11":81,"12":2,"13":2,"14":92,"15":3,"16":8,"17":29,"18":2,"19":1},"fnMap":{"1":{"name":"(anonymous_1)","line":5,"loc":{"start":{"line":5,"column":1},"end":{"line":5,"column":15}}},"2":{"name":"extend","line":8,"loc":{"start":{"line":8,"column":2},"end":{"line":8,"column":35}}},"3":{"name":"each","line":29,"loc":{"start":{"line":29,"column":2},"end":{"line":29,"column":30}}},"4":{"name":"has","line":47,"loc":{"start":{"line":47,"column":2},"end":{"line":47,"column":25}}},"5":{"name":"is","line":51,"loc":{"start":{"line":51,"column":2},"end":{"line":51,"column":24}}},"6":{"name":"isMobile","line":69,"loc":{"start":{"line":69,"column":2},"end":{"line":69,"column":22}}},"7":{"name":"(anonymous_7)","line":75,"loc":{"start":{"line":75,"column":16},"end":{"line":75,"column":44}}},"8":{"name":"(anonymous_8)","line":79,"loc":{"start":{"line":79,"column":14},"end":{"line":79,"column":38}}},"9":{"name":"(anonymous_9)","line":83,"loc":{"start":{"line":83,"column":13},"end":{"line":83,"column":32}}},"10":{"name":"(anonymous_10)","line":87,"loc":{"start":{"line":87,"column":18},"end":{"line":87,"column":31}}},"11":{"name":"(anonymous_11)","line":91,"loc":{"start":{"line":91,"column":19},"end":{"line":91,"column":32}}},"12":{"name":"(anonymous_12)","line":95,"loc":{"start":{"line":95,"column":19},"end":{"line":95,"column":32}}},"13":{"name":"(anonymous_13)","line":99,"loc":{"start":{"line":99,"column":16},"end":{"line":99,"column":30}}},"14":{"name":"(anonymous_14)","line":103,"loc":{"start":{"line":103,"column":19},"end":{"line":103,"column":32}}},"15":{"name":"(anonymous_15)","line":107,"loc":{"start":{"line":107,"column":17},"end":{"line":107,"column":30}}},"16":{"name":"(anonymous_16)","line":111,"loc":{"start":{"line":111,"column":20},"end":{"line":111,"column":33}}},"17":{"name":"(anonymous_17)","line":115,"loc":{"start":{"line":115,"column":23},"end":{"line":115,"column":36}}},"18":{"name":"(anonymous_18)","line":119,"loc":{"start":{"line":119,"column":23},"end":{"line":119,"column":36}}},"19":{"name":"(anonymous_19)","line":123,"loc":{"start":{"line":123,"column":18},"end":{"line":123,"column":29}}}},"statementMap":{"1":{"start":{"line":5,"column":0},"end":{"line":127,"column":9}},"2":{"start":{"line":8,"column":2},"end":{"line":27,"column":3}},"3":{"start":{"line":9,"column":4},"end":{"line":24,"column":5}},"4":{"start":{"line":11,"column":6},"end":{"line":23,"column":7}},"5":{"start":{"line":12,"column":8},"end":{"line":22,"column":9}},"6":{"start":{"line":14,"column":10},"end":{"line":18,"column":11}},"7":{"start":{"line":15,"column":12},"end":{"line":15,"column":65}},"8":{"start":{"line":17,"column":12},"end":{"line":17,"column":42}},"9":{"start":{"line":21,"column":10},"end":{"line":21,"column":40}},"10":{"start":{"line":25,"column":4},"end":{"line":25,"column":19}},"11":{"start":{"line":29,"column":2},"end":{"line":45,"column":3}},"12":{"start":{"line":30,"column":4},"end":{"line":30,"column":10}},"13":{"start":{"line":32,"column":4},"end":{"line":43,"column":5}},"14":{"start":{"line":33,"column":6},"end":{"line":35,"column":7}},"15":{"start":{"line":34,"column":8},"end":{"line":34,"column":28}},"16":{"start":{"line":36,"column":11},"end":{"line":43,"column":5},"skip":true},"17":{"start":{"line":37,"column":6},"end":{"line":42,"column":7},"skip":true},"18":{"start":{"line":39,"column":8},"end":{"line":41,"column":9},"skip":true},"19":{"start":{"line":40,"column":10},"end":{"line":40,"column":30},"skip":true},"20":{"start":{"line":44,"column":4},"end":{"line":44,"column":15}},"21":{"start":{"line":47,"column":2},"end":{"line":49,"column":3}},"22":{"start":{"line":48,"column":4},"end":{"line":48,"column":48}},"23":{"start":{"line":51,"column":2},"end":{"line":67,"column":3}},"24":{"start":{"line":52,"column":4},"end":{"line":66,"column":5}},"25":{"start":{"line":53,"column":6},"end":{"line":53,"column":28}},"26":{"start":{"line":54,"column":11},"end":{"line":66,"column":5}},"27":{"start":{"line":55,"column":6},"end":{"line":55,"column":26}},"28":{"start":{"line":56,"column":11},"end":{"line":66,"column":5}},"29":{"start":{"line":57,"column":6},"end":{"line":62,"column":7}},"30":{"start":{"line":59,"column":8},"end":{"line":61,"column":9}},"31":{"start":{"line":60,"column":10},"end":{"line":60,"column":23}},"32":{"start":{"line":63,"column":6},"end":{"line":63,"column":18}},"33":{"start":{"line":65,"column":6},"end":{"line":65,"column":77}},"34":{"start":{"line":69,"column":2},"end":{"line":72,"column":3}},"35":{"start":{"line":70,"column":4},"end":{"line":70,"column":94}},"36":{"start":{"line":71,"column":4},"end":{"line":71,"column":54}},"37":{"start":{"line":75,"column":2},"end":{"line":77,"column":4}},"38":{"start":{"line":76,"column":4},"end":{"line":76,"column":36}},"39":{"start":{"line":79,"column":2},"end":{"line":81,"column":4}},"40":{"start":{"line":80,"column":4},"end":{"line":80,"column":31}},"41":{"start":{"line":83,"column":2},"end":{"line":85,"column":4}},"42":{"start":{"line":84,"column":4},"end":{"line":84,"column":25}},"43":{"start":{"line":87,"column":2},"end":{"line":89,"column":4}},"44":{"start":{"line":88,"column":4},"end":{"line":88,"column":29}},"45":{"start":{"line":91,"column":2},"end":{"line":93,"column":4}},"46":{"start":{"line":92,"column":4},"end":{"line":92,"column":30}},"47":{"start":{"line":95,"column":2},"end":{"line":97,"column":4}},"48":{"start":{"line":96,"column":4},"end":{"line":96,"column":30}},"49":{"start":{"line":99,"column":2},"end":{"line":101,"column":4}},"50":{"start":{"line":100,"column":4},"end":{"line":100,"column":27}},"51":{"start":{"line":103,"column":2},"end":{"line":105,"column":4}},"52":{"start":{"line":104,"column":4},"end":{"line":104,"column":29}},"53":{"start":{"line":107,"column":2},"end":{"line":109,"column":4}},"54":{"start":{"line":108,"column":4},"end":{"line":108,"column":28}},"55":{"start":{"line":111,"column":2},"end":{"line":113,"column":4}},"56":{"start":{"line":112,"column":4},"end":{"line":112,"column":31}},"57":{"start":{"line":115,"column":2},"end":{"line":117,"column":4}},"58":{"start":{"line":116,"column":4},"end":{"line":116,"column":29}},"59":{"start":{"line":119,"column":2},"end":{"line":121,"column":4}},"60":{"start":{"line":120,"column":4},"end":{"line":120,"column":28}},"61":{"start":{"line":123,"column":2},"end":{"line":125,"column":4}},"62":{"start":{"line":124,"column":4},"end":{"line":124,"column":22}}},"branchMap":{"1":{"line":11,"type":"if","locations":[{"start":{"line":11,"column":6},"end":{"line":11,"column":6}},{"start":{"line":11,"column":6},"end":{"line":11,"column":6},"skip":true}]},"2":{"line":14,"type":"if","locations":[{"start":{"line":14,"column":10},"end":{"line":14,"column":10}},{"start":{"line":14,"column":10},"end":{"line":14,"column":10}}]},"3":{"line":32,"type":"if","locations":[{"start":{"line":32,"column":4},"end":{"line":32,"column":4}},{"start":{"line":32,"column":4},"end":{"line":32,"column":4},"skip":true}]},"4":{"line":36,"type":"if","locations":[{"start":{"line":36,"column":11},"end":{"line":36,"column":11},"skip":true},{"start":{"line":36,"column":11},"end":{"line":36,"column":11},"skip":true}]},"5":{"line":39,"type":"if","locations":[{"start":{"line":39,"column":8},"end":{"line":39,"column":8},"skip":true},{"start":{"line":39,"column":8},"end":{"line":39,"column":8},"skip":true}]},"6":{"line":52,"type":"if","locations":[{"start":{"line":52,"column":4},"end":{"line":52,"column":4}},{"start":{"line":52,"column":4},"end":{"line":52,"column":4}}]},"7":{"line":54,"type":"if","locations":[{"start":{"line":54,"column":11},"end":{"line":54,"column":11}},{"start":{"line":54,"column":11},"end":{"line":54,"column":11}}]},"8":{"line":56,"type":"if","locations":[{"start":{"line":56,"column":11},"end":{"line":56,"column":11}},{"start":{"line":56,"column":11},"end":{"line":56,"column":11}}]},"9":{"line":59,"type":"if","locations":[{"start":{"line":59,"column":8},"end":{"line":59,"column":8}},{"start":{"line":59,"column":8},"end":{"line":59,"column":8},"skip":true}]}}},"src/glue.dom.js":{"path":"src/glue.dom.js","s":{"1":1,"2":1,"3":8,"4":8,"5":1,"6":11,"7":11,"8":11,"9":11,"10":0,"11":0,"12":0,"13":0,"14":0,"15":0,"16":0,"17":11,"18":1,"19":2,"20":2,"21":1,"22":2,"23":2,"24":0,"25":2,"26":0,"27":0,"28":0,"29":0,"30":0,"31":0,"32":0,"33":0,"34":2,"35":0,"36":0,"37":0,"38":0,"39":0,"40":0,"41":0,"42":2,"43":0,"44":0,"45":0,"46":0,"47":0,"48":0,"49":0,"50":0,"51":2,"52":1,"53":19,"54":19,"55":1,"56":18,"57":17,"58":11,"59":6,"60":1,"61":1,"62":2,"63":2,"64":7,"65":1,"66":5,"67":1,"68":1,"69":1,"70":4,"71":1,"72":2,"73":1,"74":16,"75":16,"76":16,"77":1,"78":4,"79":4,"80":2,"81":2,"82":2,"83":1,"84":1,"85":2,"86":1,"87":3,"88":2,"89":1,"90":1,"91":1,"92":14,"93":14,"94":14,"95":1,"96":1,"97":1,"98":1,"99":1,"100":22,"101":24,"102":24,"103":22,"104":1,"105":3,"106":3,"107":1,"108":2,"109":1,"110":2,"111":1,"112":16,"113":1,"114":19,"115":5,"116":1,"117":1,"118":2,"119":3,"120":14,"121":1,"122":22,"123":3},"b":{"1":[11,0],"2":[0,0],"3":[0,0],"4":[0,0],"5":[0,0],"6":[2,2],"7":[0,2],"8":[0,2],"9":[0,0],"10":[0,0],"11":[0,0],"12":[0,2],"13":[0,0],"14":[0,0],"15":[0,2],"16":[0,0],"17":[0,0],"18":[0,0],"19":[1,18],"20":[19,18,1],"21":[17,1],"22":[11,6],"23":[1,0],"24":[2,0],"25":[1,4],"26":[2,2],"27":[1,1],"28":[2,1],"29":[1,2],"30":[3,3]},"f":{"1":1,"2":8,"3":8,"4":11,"5":0,"6":2,"7":2,"8":19,"9":5,"10":1,"11":2,"12":16,"13":4,"14":3,"15":14,"16":1,"17":22,"18":24,"19":3,"20":2,"21":16,"22":19,"23":5,"24":1,"25":1,"26":2,"27":3,"28":14,"29":1,"30":22,"31":3},"fnMap":{"1":{"name":"(anonymous_1)","line":1,"loc":{"start":{"line":1,"column":1},"end":{"line":1,"column":26}}},"2":{"name":"setStyles","line":4,"loc":{"start":{"line":4,"column":2},"end":{"line":4,"column":46}}},"3":{"name":"(anonymous_3)","line":5,"loc":{"start":{"line":5,"column":20},"end":{"line":5,"column":38}}},"4":{"name":"getStyle","line":10,"loc":{"start":{"line":10,"column":2},"end":{"line":10,"column":39}}},"5":{"name":"(anonymous_5)","line":24,"loc":{"start":{"line":24,"column":40},"end":{"line":24,"column":51}},"skip":true},"6":{"name":"createXPath","line":33,"loc":{"start":{"line":33,"column":2},"end":{"line":33,"column":35}}},"7":{"name":"isElement","line":38,"loc":{"start":{"line":38,"column":4},"end":{"line":38,"column":28}}},"8":{"name":"css","line":88,"loc":{"start":{"line":88,"column":2},"end":{"line":88,"column":40}}},"9":{"name":"html","line":113,"loc":{"start":{"line":113,"column":2},"end":{"line":113,"column":37}}},"10":{"name":"(anonymous_10)","line":115,"loc":{"start":{"line":115,"column":19},"end":{"line":115,"column":37}}},"11":{"name":"createSelector","line":124,"loc":{"start":{"line":124,"column":2},"end":{"line":124,"column":44}}},"12":{"name":"parseHTML","line":128,"loc":{"start":{"line":128,"column":2},"end":{"line":128,"column":29}}},"13":{"name":"toggleDisplay","line":134,"loc":{"start":{"line":134,"column":2},"end":{"line":134,"column":41}}},"14":{"name":"attr","line":150,"loc":{"start":{"line":150,"column":1},"end":{"line":150,"column":37}}},"15":{"name":"append","line":159,"loc":{"start":{"line":159,"column":1},"end":{"line":159,"column":40}}},"16":{"name":"prepend","line":165,"loc":{"start":{"line":165,"column":1},"end":{"line":165,"column":41}}},"17":{"name":"remove","line":172,"loc":{"start":{"line":172,"column":1},"end":{"line":172,"column":26}}},"18":{"name":"(anonymous_18)","line":173,"loc":{"start":{"line":173,"column":17},"end":{"line":173,"column":28}}},"19":{"name":"find","line":180,"loc":{"start":{"line":180,"column":1},"end":{"line":180,"column":33}}},"20":{"name":"(anonymous_20)","line":189,"loc":{"start":{"line":189,"column":24},"end":{"line":189,"column":43}}},"21":{"name":"(anonymous_21)","line":193,"loc":{"start":{"line":193,"column":19},"end":{"line":193,"column":37}}},"22":{"name":"(anonymous_22)","line":199,"loc":{"start":{"line":199,"column":9},"end":{"line":199,"column":35}}},"23":{"name":"(anonymous_23)","line":203,"loc":{"start":{"line":203,"column":10},"end":{"line":203,"column":31}}},"24":{"name":"(anonymous_24)","line":207,"loc":{"start":{"line":207,"column":10},"end":{"line":207,"column":21}}},"25":{"name":"(anonymous_25)","line":211,"loc":{"start":{"line":211,"column":10},"end":{"line":211,"column":21}}},"26":{"name":"(anonymous_26)","line":215,"loc":{"start":{"line":215,"column":12},"end":{"line":215,"column":23}}},"27":{"name":"(anonymous_27)","line":219,"loc":{"start":{"line":219,"column":10},"end":{"line":219,"column":32}}},"28":{"name":"(anonymous_28)","line":223,"loc":{"start":{"line":223,"column":12},"end":{"line":223,"column":36}}},"29":{"name":"(anonymous_29)","line":227,"loc":{"start":{"line":227,"column":13},"end":{"line":227,"column":37}}},"30":{"name":"(anonymous_30)","line":231,"loc":{"start":{"line":231,"column":12},"end":{"line":231,"column":23}}},"31":{"name":"(anonymous_31)","line":235,"loc":{"start":{"line":235,"column":10},"end":{"line":235,"column":29}}}},"statementMap":{"1":{"start":{"line":1,"column":0},"end":{"line":241,"column":27}},"2":{"start":{"line":4,"column":2},"end":{"line":8,"column":3}},"3":{"start":{"line":5,"column":4},"end":{"line":7,"column":7}},"4":{"start":{"line":6,"column":6},"end":{"line":6,"column":34}},"5":{"start":{"line":10,"column":2},"end":{"line":31,"column":3}},"6":{"start":{"line":11,"column":4},"end":{"line":11,"column":46}},"7":{"start":{"line":14,"column":4},"end":{"line":14,"column":68}},"8":{"start":{"line":17,"column":4},"end":{"line":29,"column":5}},"9":{"start":{"line":18,"column":6},"end":{"line":18,"column":85}},"10":{"start":{"line":19,"column":11},"end":{"line":29,"column":5},"skip":true},"11":{"start":{"line":20,"column":6},"end":{"line":22,"column":7},"skip":true},"12":{"start":{"line":21,"column":8},"end":{"line":21,"column":32},"skip":true},"13":{"start":{"line":23,"column":6},"end":{"line":27,"column":7},"skip":true},"14":{"start":{"line":24,"column":8},"end":{"line":26,"column":11},"skip":true},"15":{"start":{"line":25,"column":10},"end":{"line":25,"column":44},"skip":true},"16":{"start":{"line":28,"column":6},"end":{"line":28,"column":93},"skip":true},"17":{"start":{"line":30,"column":4},"end":{"line":30,"column":25}},"18":{"start":{"line":33,"column":2},"end":{"line":86,"column":3}},"19":{"start":{"line":34,"column":4},"end":{"line":35,"column":29}},"20":{"start":{"line":36,"column":4},"end":{"line":36,"column":22}},"21":{"start":{"line":38,"column":4},"end":{"line":40,"column":5}},"22":{"start":{"line":39,"column":6},"end":{"line":39,"column":32}},"23":{"start":{"line":43,"column":4},"end":{"line":45,"column":5}},"24":{"start":{"line":44,"column":6},"end":{"line":44,"column":48}},"25":{"start":{"line":48,"column":4},"end":{"line":71,"column":5}},"26":{"start":{"line":49,"column":6},"end":{"line":49,"column":14}},"27":{"start":{"line":50,"column":6},"end":{"line":50,"column":37}},"28":{"start":{"line":51,"column":6},"end":{"line":56,"column":24}},"29":{"start":{"line":52,"column":8},"end":{"line":54,"column":9}},"30":{"start":{"line":53,"column":10},"end":{"line":53,"column":16}},"31":{"start":{"line":55,"column":8},"end":{"line":55,"column":42}},"32":{"start":{"line":57,"column":6},"end":{"line":59,"column":7}},"33":{"start":{"line":58,"column":8},"end":{"line":58,"column":19}},"34":{"start":{"line":60,"column":11},"end":{"line":71,"column":5},"skip":true},"35":{"start":{"line":61,"column":6},"end":{"line":61,"column":33},"skip":true},"36":{"start":{"line":62,"column":6},"end":{"line":70,"column":24},"skip":true},"37":{"start":{"line":63,"column":8},"end":{"line":69,"column":9},"skip":true},"38":{"start":{"line":64,"column":10},"end":{"line":64,"column":18},"skip":true},"39":{"start":{"line":65,"column":10},"end":{"line":65,"column":25},"skip":true},"40":{"start":{"line":67,"column":10},"end":{"line":67,"column":21},"skip":true},"41":{"start":{"line":68,"column":10},"end":{"line":68,"column":44},"skip":true},"42":{"start":{"line":73,"column":4},"end":{"line":84,"column":5}},"43":{"start":{"line":74,"column":6},"end":{"line":74,"column":41}},"44":{"start":{"line":76,"column":6},"end":{"line":82,"column":7}},"45":{"start":{"line":77,"column":8},"end":{"line":77,"column":32}},"46":{"start":{"line":78,"column":13},"end":{"line":82,"column":7},"skip":true},"47":{"start":{"line":79,"column":8},"end":{"line":79,"column":39},"skip":true},"48":{"start":{"line":80,"column":13},"end":{"line":82,"column":7},"skip":true},"49":{"start":{"line":81,"column":8},"end":{"line":81,"column":46},"skip":true},"50":{"start":{"line":83,"column":6},"end":{"line":83,"column":32}},"51":{"start":{"line":85,"column":4},"end":{"line":85,"column":16}},"52":{"start":{"line":88,"column":2},"end":{"line":111,"column":3}},"53":{"start":{"line":89,"column":4},"end":{"line":92,"column":13}},"54":{"start":{"line":95,"column":4},"end":{"line":109,"column":5}},"55":{"start":{"line":96,"column":6},"end":{"line":96,"column":21}},"56":{"start":{"line":97,"column":11},"end":{"line":109,"column":5},"skip":true},"57":{"start":{"line":98,"column":6},"end":{"line":102,"column":7},"skip":true},"58":{"start":{"line":99,"column":8},"end":{"line":99,"column":46},"skip":true},"59":{"start":{"line":101,"column":8},"end":{"line":101,"column":47},"skip":true},"60":{"start":{"line":103,"column":11},"end":{"line":109,"column":5},"skip":true},"61":{"start":{"line":104,"column":6},"end":{"line":108,"column":7},"skip":true},"62":{"start":{"line":105,"column":8},"end":{"line":107,"column":9},"skip":true},"63":{"start":{"line":106,"column":10},"end":{"line":106,"column":54},"skip":true},"64":{"start":{"line":110,"column":4},"end":{"line":110,"column":19}},"65":{"start":{"line":113,"column":2},"end":{"line":122,"column":3}},"66":{"start":{"line":114,"column":4},"end":{"line":121,"column":5}},"67":{"start":{"line":115,"column":6},"end":{"line":117,"column":9}},"68":{"start":{"line":116,"column":8},"end":{"line":116,"column":36}},"69":{"start":{"line":118,"column":6},"end":{"line":118,"column":21}},"70":{"start":{"line":120,"column":6},"end":{"line":120,"column":34}},"71":{"start":{"line":124,"column":2},"end":{"line":126,"column":3}},"72":{"start":{"line":125,"column":4},"end":{"line":125,"column":72}},"73":{"start":{"line":128,"column":2},"end":{"line":132,"column":3}},"74":{"start":{"line":129,"column":4},"end":{"line":129,"column":39}},"75":{"start":{"line":130,"column":4},"end":{"line":130,"column":28}},"76":{"start":{"line":131,"column":4},"end":{"line":131,"column":26}},"77":{"start":{"line":134,"column":2},"end":{"line":148,"column":3}},"78":{"start":{"line":135,"column":4},"end":{"line":135,"column":43}},"79":{"start":{"line":136,"column":4},"end":{"line":147,"column":5}},"80":{"start":{"line":137,"column":6},"end":{"line":137,"column":35}},"81":{"start":{"line":138,"column":6},"end":{"line":138,"column":21}},"82":{"start":{"line":140,"column":6},"end":{"line":144,"column":7}},"83":{"start":{"line":141,"column":8},"end":{"line":141,"column":38}},"84":{"start":{"line":143,"column":8},"end":{"line":143,"column":35}},"85":{"start":{"line":145,"column":6},"end":{"line":145,"column":21}},"86":{"start":{"line":150,"column":1},"end":{"line":157,"column":2}},"87":{"start":{"line":151,"column":4},"end":{"line":156,"column":5}},"88":{"start":{"line":152,"column":6},"end":{"line":152,"column":43}},"89":{"start":{"line":154,"column":6},"end":{"line":154,"column":43}},"90":{"start":{"line":155,"column":6},"end":{"line":155,"column":21}},"91":{"start":{"line":159,"column":1},"end":{"line":163,"column":2}},"92":{"start":{"line":160,"column":4},"end":{"line":160,"column":50}},"93":{"start":{"line":161,"column":4},"end":{"line":161,"column":38}},"94":{"start":{"line":162,"column":4},"end":{"line":162,"column":19}},"95":{"start":{"line":165,"column":1},"end":{"line":170,"column":2}},"96":{"start":{"line":166,"column":4},"end":{"line":167,"column":28}},"97":{"start":{"line":168,"column":4},"end":{"line":168,"column":54}},"98":{"start":{"line":169,"column":4},"end":{"line":169,"column":19}},"99":{"start":{"line":172,"column":1},"end":{"line":178,"column":2}},"100":{"start":{"line":173,"column":4},"end":{"line":176,"column":7}},"101":{"start":{"line":174,"column":6},"end":{"line":174,"column":35}},"102":{"start":{"line":175,"column":6},"end":{"line":175,"column":31}},"103":{"start":{"line":177,"column":4},"end":{"line":177,"column":19}},"104":{"start":{"line":180,"column":1},"end":{"line":187,"column":2}},"105":{"start":{"line":181,"column":4},"end":{"line":181,"column":42}},"106":{"start":{"line":182,"column":4},"end":{"line":186,"column":5}},"107":{"start":{"line":183,"column":6},"end":{"line":183,"column":49}},"108":{"start":{"line":185,"column":6},"end":{"line":185,"column":49}},"109":{"start":{"line":189,"column":2},"end":{"line":191,"column":4}},"110":{"start":{"line":190,"column":4},"end":{"line":190,"column":42}},"111":{"start":{"line":193,"column":2},"end":{"line":195,"column":4}},"112":{"start":{"line":194,"column":4},"end":{"line":194,"column":30}},"113":{"start":{"line":197,"column":2},"end":{"line":239,"column":5}},"114":{"start":{"line":200,"column":6},"end":{"line":200,"column":40}},"115":{"start":{"line":204,"column":6},"end":{"line":204,"column":36}},"116":{"start":{"line":208,"column":6},"end":{"line":208,"column":41}},"117":{"start":{"line":212,"column":6},"end":{"line":212,"column":42}},"118":{"start":{"line":216,"column":6},"end":{"line":216,"column":33}},"119":{"start":{"line":220,"column":3},"end":{"line":220,"column":34}},"120":{"start":{"line":224,"column":3},"end":{"line":224,"column":38}},"121":{"start":{"line":228,"column":3},"end":{"line":228,"column":39}},"122":{"start":{"line":232,"column":3},"end":{"line":232,"column":23}},"123":{"start":{"line":236,"column":3},"end":{"line":236,"column":31}}},"branchMap":{"1":{"line":17,"type":"if","locations":[{"start":{"line":17,"column":4},"end":{"line":17,"column":4}},{"start":{"line":17,"column":4},"end":{"line":17,"column":4},"skip":true}]},"2":{"line":19,"type":"if","locations":[{"start":{"line":19,"column":11},"end":{"line":19,"column":11},"skip":true},{"start":{"line":19,"column":11},"end":{"line":19,"column":11},"skip":true}]},"3":{"line":20,"type":"if","locations":[{"start":{"line":20,"column":6},"end":{"line":20,"column":6},"skip":true},{"start":{"line":20,"column":6},"end":{"line":20,"column":6},"skip":true}]},"4":{"line":23,"type":"if","locations":[{"start":{"line":23,"column":6},"end":{"line":23,"column":6},"skip":true},{"start":{"line":23,"column":6},"end":{"line":23,"column":6},"skip":true}]},"5":{"line":28,"type":"cond-expr","locations":[{"start":{"line":28,"column":55},"end":{"line":28,"column":85},"skip":true},{"start":{"line":28,"column":88},"end":{"line":28,"column":92},"skip":true}]},"6":{"line":36,"type":"binary-expr","locations":[{"start":{"line":36,"column":11},"end":{"line":36,"column":15}},{"start":{"line":36,"column":19},"end":{"line":36,"column":21}}]},"7":{"line":43,"type":"if","locations":[{"start":{"line":43,"column":4},"end":{"line":43,"column":4}},{"start":{"line":43,"column":4},"end":{"line":43,"column":4},"skip":true}]},"8":{"line":48,"type":"if","locations":[{"start":{"line":48,"column":4},"end":{"line":48,"column":4}},{"start":{"line":48,"column":4},"end":{"line":48,"column":4},"skip":true}]},"9":{"line":52,"type":"if","locations":[{"start":{"line":52,"column":8},"end":{"line":52,"column":8}},{"start":{"line":52,"column":8},"end":{"line":52,"column":8}}]},"10":{"line":52,"type":"binary-expr","locations":[{"start":{"line":52,"column":12},"end":{"line":52,"column":30}},{"start":{"line":52,"column":34},"end":{"line":52,"column":68}}]},"11":{"line":57,"type":"if","locations":[{"start":{"line":57,"column":6},"end":{"line":57,"column":6}},{"start":{"line":57,"column":6},"end":{"line":57,"column":6}}]},"12":{"line":60,"type":"if","locations":[{"start":{"line":60,"column":11},"end":{"line":60,"column":11},"skip":true},{"start":{"line":60,"column":11},"end":{"line":60,"column":11},"skip":true}]},"13":{"line":63,"type":"if","locations":[{"start":{"line":63,"column":8},"end":{"line":63,"column":8},"skip":true},{"start":{"line":63,"column":8},"end":{"line":63,"column":8},"skip":true}]},"14":{"line":63,"type":"binary-expr","locations":[{"start":{"line":63,"column":12},"end":{"line":63,"column":30},"skip":true},{"start":{"line":63,"column":34},"end":{"line":63,"column":68},"skip":true}]},"15":{"line":73,"type":"if","locations":[{"start":{"line":73,"column":4},"end":{"line":73,"column":4}},{"start":{"line":73,"column":4},"end":{"line":73,"column":4}}]},"16":{"line":76,"type":"if","locations":[{"start":{"line":76,"column":6},"end":{"line":76,"column":6}},{"start":{"line":76,"column":6},"end":{"line":76,"column":6},"skip":true}]},"17":{"line":78,"type":"if","locations":[{"start":{"line":78,"column":13},"end":{"line":78,"column":13},"skip":true},{"start":{"line":78,"column":13},"end":{"line":78,"column":13},"skip":true}]},"18":{"line":80,"type":"if","locations":[{"start":{"line":80,"column":13},"end":{"line":80,"column":13},"skip":true},{"start":{"line":80,"column":13},"end":{"line":80,"column":13},"skip":true}]},"19":{"line":95,"type":"if","locations":[{"start":{"line":95,"column":4},"end":{"line":95,"column":4}},{"start":{"line":95,"column":4},"end":{"line":95,"column":4},"skip":true}]},"20":{"line":95,"type":"binary-expr","locations":[{"start":{"line":95,"column":8},"end":{"line":95,"column":26}},{"start":{"line":95,"column":31},"end":{"line":95,"column":40}},{"start":{"line":95,"column":44},"end":{"line":95,"column":53}}]},"21":{"line":97,"type":"if","locations":[{"start":{"line":97,"column":11},"end":{"line":97,"column":11},"skip":true},{"start":{"line":97,"column":11},"end":{"line":97,"column":11},"skip":true}]},"22":{"line":98,"type":"if","locations":[{"start":{"line":98,"column":6},"end":{"line":98,"column":6},"skip":true},{"start":{"line":98,"column":6},"end":{"line":98,"column":6},"skip":true}]},"23":{"line":103,"type":"if","locations":[{"start":{"line":103,"column":11},"end":{"line":103,"column":11},"skip":true},{"start":{"line":103,"column":11},"end":{"line":103,"column":11},"skip":true}]},"24":{"line":105,"type":"if","locations":[{"start":{"line":105,"column":8},"end":{"line":105,"column":8},"skip":true},{"start":{"line":105,"column":8},"end":{"line":105,"column":8},"skip":true}]},"25":{"line":114,"type":"if","locations":[{"start":{"line":114,"column":4},"end":{"line":114,"column":4}},{"start":{"line":114,"column":4},"end":{"line":114,"column":4}}]},"26":{"line":136,"type":"if","locations":[{"start":{"line":136,"column":4},"end":{"line":136,"column":4}},{"start":{"line":136,"column":4},"end":{"line":136,"column":4}}]},"27":{"line":140,"type":"if","locations":[{"start":{"line":140,"column":6},"end":{"line":140,"column":6}},{"start":{"line":140,"column":6},"end":{"line":140,"column":6}}]},"28":{"line":151,"type":"if","locations":[{"start":{"line":151,"column":4},"end":{"line":151,"column":4}},{"start":{"line":151,"column":4},"end":{"line":151,"column":4}}]},"29":{"line":182,"type":"if","locations":[{"start":{"line":182,"column":4},"end":{"line":182,"column":4}},{"start":{"line":182,"column":4},"end":{"line":182,"column":4}}]},"30":{"line":182,"type":"binary-expr","locations":[{"start":{"line":182,"column":8},"end":{"line":182,"column":31}},{"start":{"line":182,"column":35},"end":{"line":182,"column":62}}]}}},"src/glue.event.js":{"path":"src/glue.event.js","s":{"1":1,"2":1,"3":6,"4":6,"5":6,"6":6,"7":0,"8":0,"9":0,"10":1,"11":3,"12":3,"13":3,"14":3,"15":3,"16":0,"17":0,"18":0,"19":3,"20":1,"21":2,"22":2,"23":0,"24":2,"25":1,"26":5,"27":5,"28":1,"29":1,"30":1,"31":1,"32":3,"33":3,"34":1,"35":2,"36":5,"37":1,"38":3},"b":{"1":[6,0],"2":[3,0],"3":[0,0],"4":[2,0]},"f":{"1":1,"2":6,"3":0,"4":3,"5":2,"6":5,"7":5,"8":1,"9":1,"10":3,"11":3,"12":2,"13":5,"14":1,"15":3},"fnMap":{"1":{"name":"(anonymous_1)","line":3,"loc":{"start":{"line":3,"column":1},"end":{"line":3,"column":20}}},"2":{"name":"addEventHandler","line":7,"loc":{"start":{"line":7,"column":2},"end":{"line":7,"column":68}}},"3":{"name":"(anonymous_3)","line":21,"loc":{"start":{"line":21,"column":45},"end":{"line":21,"column":57}}},"4":{"name":"triggerEvent","line":27,"loc":{"start":{"line":27,"column":2},"end":{"line":27,"column":41}}},"5":{"name":"ready","line":42,"loc":{"start":{"line":42,"column":2},"end":{"line":42,"column":36}}},"6":{"name":"on","line":52,"loc":{"start":{"line":52,"column":2},"end":{"line":52,"column":44}}},"7":{"name":"(anonymous_7)","line":53,"loc":{"start":{"line":53,"column":24},"end":{"line":53,"column":36}}},"8":{"name":"off","line":58,"loc":{"start":{"line":58,"column":2},"end":{"line":58,"column":45}}},"9":{"name":"(anonymous_9)","line":59,"loc":{"start":{"line":59,"column":24},"end":{"line":59,"column":36}}},"10":{"name":"trigger","line":64,"loc":{"start":{"line":64,"column":2},"end":{"line":64,"column":39}}},"11":{"name":"(anonymous_11)","line":65,"loc":{"start":{"line":65,"column":24},"end":{"line":65,"column":36}}},"12":{"name":"(anonymous_12)","line":72,"loc":{"start":{"line":72,"column":11},"end":{"line":72,"column":31}}},"13":{"name":"(anonymous_13)","line":76,"loc":{"start":{"line":76,"column":8},"end":{"line":76,"column":39}}},"14":{"name":"(anonymous_14)","line":80,"loc":{"start":{"line":80,"column":9},"end":{"line":80,"column":40}}},"15":{"name":"(anonymous_15)","line":84,"loc":{"start":{"line":84,"column":13},"end":{"line":84,"column":34}}}},"statementMap":{"1":{"start":{"line":3,"column":0},"end":{"line":90,"column":19}},"2":{"start":{"line":7,"column":2},"end":{"line":25,"column":3}},"3":{"start":{"line":9,"column":4},"end":{"line":9,"column":15}},"4":{"start":{"line":10,"column":4},"end":{"line":24,"column":5}},"5":{"start":{"line":11,"column":6},"end":{"line":14,"column":16}},"6":{"start":{"line":15,"column":6},"end":{"line":15,"column":53}},"7":{"start":{"line":17,"column":6},"end":{"line":20,"column":16}},"8":{"start":{"line":21,"column":6},"end":{"line":23,"column":9}},"9":{"start":{"line":22,"column":8},"end":{"line":22,"column":46}},"10":{"start":{"line":27,"column":2},"end":{"line":40,"column":3}},"11":{"start":{"line":28,"column":6},"end":{"line":28,"column":14}},"12":{"start":{"line":30,"column":6},"end":{"line":38,"column":7}},"13":{"start":{"line":31,"column":10},"end":{"line":31,"column":47}},"14":{"start":{"line":32,"column":10},"end":{"line":32,"column":47}},"15":{"start":{"line":33,"column":10},"end":{"line":33,"column":33}},"16":{"start":{"line":35,"column":11},"end":{"line":38,"column":7},"skip":true},"17":{"start":{"line":36,"column":10},"end":{"line":36,"column":45},"skip":true},"18":{"start":{"line":37,"column":10},"end":{"line":37,"column":47},"skip":true},"19":{"start":{"line":39,"column":6},"end":{"line":39,"column":17}},"20":{"start":{"line":42,"column":2},"end":{"line":50,"column":3}},"21":{"start":{"line":44,"column":4},"end":{"line":48,"column":5}},"22":{"start":{"line":45,"column":6},"end":{"line":45,"column":17}},"23":{"start":{"line":47,"column":6},"end":{"line":47,"column":49},"skip":true},"24":{"start":{"line":49,"column":4},"end":{"line":49,"column":19}},"25":{"start":{"line":52,"column":2},"end":{"line":56,"column":3}},"26":{"start":{"line":53,"column":4},"end":{"line":55,"column":7}},"27":{"start":{"line":54,"column":6},"end":{"line":54,"column":55}},"28":{"start":{"line":58,"column":2},"end":{"line":62,"column":3}},"29":{"start":{"line":59,"column":4},"end":{"line":61,"column":7}},"30":{"start":{"line":60,"column":6},"end":{"line":60,"column":56}},"31":{"start":{"line":64,"column":2},"end":{"line":68,"column":3}},"32":{"start":{"line":65,"column":4},"end":{"line":67,"column":7}},"33":{"start":{"line":66,"column":6},"end":{"line":66,"column":37}},"34":{"start":{"line":70,"column":2},"end":{"line":88,"column":5}},"35":{"start":{"line":73,"column":6},"end":{"line":73,"column":35}},"36":{"start":{"line":77,"column":6},"end":{"line":77,"column":43}},"37":{"start":{"line":81,"column":6},"end":{"line":81,"column":44}},"38":{"start":{"line":85,"column":6},"end":{"line":85,"column":31}}},"branchMap":{"1":{"line":10,"type":"if","locations":[{"start":{"line":10,"column":4},"end":{"line":10,"column":4}},{"start":{"line":10,"column":4},"end":{"line":10,"column":4}}]},"2":{"line":30,"type":"if","locations":[{"start":{"line":30,"column":6},"end":{"line":30,"column":6}},{"start":{"line":30,"column":6},"end":{"line":30,"column":6},"skip":true}]},"3":{"line":35,"type":"if","locations":[{"start":{"line":35,"column":11},"end":{"line":35,"column":11},"skip":true},{"start":{"line":35,"column":11},"end":{"line":35,"column":11},"skip":true}]},"4":{"line":44,"type":"if","locations":[{"start":{"line":44,"column":4},"end":{"line":44,"column":4}},{"start":{"line":44,"column":4},"end":{"line":44,"column":4},"skip":true}]}}},"src/glue.ajax.js":{"path":"src/glue.ajax.js","s":{"1":1,"2":1,"3":7,"4":2,"5":2,"6":5,"7":7,"8":1,"9":1,"10":9,"11":9,"12":1,"13":7,"14":7,"15":7,"16":1,"17":6,"18":1,"19":7,"20":1,"21":6,"22":6,"23":1,"24":6,"25":0,"26":0,"27":0,"28":0,"29":0,"30":0,"31":0,"32":0,"33":0,"34":0,"35":0,"36":0,"37":0,"38":6,"39":1,"40":1,"41":1,"42":1,"43":1,"44":2,"45":2,"46":2,"47":2,"48":0,"49":0,"50":0,"51":0,"52":0,"53":0,"54":2,"55":1,"56":1,"57":1,"58":2,"59":1,"60":1,"61":5,"62":1,"63":1,"64":1,"65":1,"66":1,"67":2,"68":1,"69":1},"b":{"1":[2,5],"2":[5,0],"3":[9,0],"4":[7,6],"5":[1,6],"6":[7,7],"7":[7,1],"8":[7,2],"9":[7,6],"10":[7,0],"11":[1,6],"12":[1,5],"13":[1,6],"14":[1,5],"15":[0,0],"16":[0,0],"17":[0,0],"18":[0,0],"19":[0,0],"20":[0,0],"21":[0,0],"22":[2,0,0],"23":[0,0],"24":[0,0]},"f":{"1":1,"2":7,"3":0,"4":1,"5":0,"6":1,"7":1,"8":2,"9":0,"10":1,"11":2,"12":5,"13":1,"14":1,"15":2,"16":1},"fnMap":{"1":{"name":"(anonymous_1)","line":4,"loc":{"start":{"line":4,"column":1},"end":{"line":4,"column":16}}},"2":{"name":"ajax","line":7,"loc":{"start":{"line":7,"column":2},"end":{"line":7,"column":29}}},"3":{"name":"(anonymous_3)","line":15,"loc":{"start":{"line":15,"column":14},"end":{"line":15,"column":24}}},"4":{"name":"(anonymous_4)","line":16,"loc":{"start":{"line":16,"column":31},"end":{"line":16,"column":41}}},"5":{"name":"(anonymous_5)","line":49,"loc":{"start":{"line":49,"column":32},"end":{"line":49,"column":43}}},"6":{"name":"get","line":83,"loc":{"start":{"line":83,"column":2},"end":{"line":83,"column":29}}},"7":{"name":"post","line":90,"loc":{"start":{"line":90,"column":2},"end":{"line":90,"column":36}}},"8":{"name":"getScript","line":99,"loc":{"start":{"line":99,"column":2},"end":{"line":99,"column":35}}},"9":{"name":"(anonymous_9)","line":105,"loc":{"start":{"line":105,"column":48},"end":{"line":105,"column":59}}},"10":{"name":"serialize","line":120,"loc":{"start":{"line":120,"column":2},"end":{"line":120,"column":30}}},"11":{"name":"(anonymous_11)","line":125,"loc":{"start":{"line":125,"column":40},"end":{"line":125,"column":53}}},"12":{"name":"(anonymous_12)","line":131,"loc":{"start":{"line":131,"column":14},"end":{"line":131,"column":37}}},"13":{"name":"(anonymous_13)","line":135,"loc":{"start":{"line":135,"column":13},"end":{"line":135,"column":36}}},"14":{"name":"(anonymous_14)","line":139,"loc":{"start":{"line":139,"column":14},"end":{"line":139,"column":43}}},"15":{"name":"(anonymous_15)","line":143,"loc":{"start":{"line":143,"column":19},"end":{"line":143,"column":42}}},"16":{"name":"(anonymous_16)","line":147,"loc":{"start":{"line":147,"column":22},"end":{"line":147,"column":33}}}},"statementMap":{"1":{"start":{"line":4,"column":0},"end":{"line":151,"column":9}},"2":{"start":{"line":7,"column":2},"end":{"line":81,"column":3}},"3":{"start":{"line":8,"column":4},"end":{"line":13,"column":5}},"4":{"start":{"line":9,"column":6},"end":{"line":9,"column":20}},"5":{"start":{"line":10,"column":6},"end":{"line":10,"column":24}},"6":{"start":{"line":12,"column":6},"end":{"line":12,"column":30}},"7":{"start":{"line":14,"column":4},"end":{"line":32,"column":23}},"8":{"start":{"line":17,"column":8},"end":{"line":17,"column":24}},"9":{"start":{"line":18,"column":8},"end":{"line":22,"column":9}},"10":{"start":{"line":19,"column":10},"end":{"line":21,"column":11}},"11":{"start":{"line":20,"column":12},"end":{"line":20,"column":59}},"12":{"start":{"line":23,"column":8},"end":{"line":23,"column":35}},"13":{"start":{"line":33,"column":4},"end":{"line":40,"column":5}},"14":{"start":{"line":34,"column":6},"end":{"line":34,"column":41}},"15":{"start":{"line":35,"column":6},"end":{"line":39,"column":7}},"16":{"start":{"line":36,"column":8},"end":{"line":36,"column":57}},"17":{"start":{"line":37,"column":13},"end":{"line":39,"column":7}},"18":{"start":{"line":38,"column":8},"end":{"line":38,"column":55}},"19":{"start":{"line":42,"column":4},"end":{"line":80,"column":5}},"20":{"start":{"line":43,"column":6},"end":{"line":43,"column":35}},"21":{"start":{"line":45,"column":6},"end":{"line":45,"column":34}},"22":{"start":{"line":46,"column":6},"end":{"line":48,"column":7}},"23":{"start":{"line":47,"column":8},"end":{"line":47,"column":82}},"24":{"start":{"line":49,"column":6},"end":{"line":78,"column":8}},"25":{"start":{"line":51,"column":8},"end":{"line":77,"column":9}},"26":{"start":{"line":53,"column":10},"end":{"line":76,"column":11},"skip":true},"27":{"start":{"line":54,"column":12},"end":{"line":67,"column":13},"skip":true},"28":{"start":{"line":55,"column":14},"end":{"line":61,"column":15},"skip":true},"29":{"start":{"line":56,"column":16},"end":{"line":56,"column":43},"skip":true},"30":{"start":{"line":57,"column":21},"end":{"line":61,"column":15},"skip":true},"31":{"start":{"line":58,"column":16},"end":{"line":58,"column":42},"skip":true},"32":{"start":{"line":59,"column":21},"end":{"line":61,"column":15},"skip":true},"33":{"start":{"line":60,"column":16},"end":{"line":60,"column":55},"skip":true},"34":{"start":{"line":62,"column":14},"end":{"line":62,"column":21},"skip":true},"35":{"start":{"line":72,"column":12},"end":{"line":75,"column":13},"skip":true},"36":{"start":{"line":73,"column":14},"end":{"line":73,"column":30},"skip":true},"37":{"start":{"line":74,"column":14},"end":{"line":74,"column":29},"skip":true},"38":{"start":{"line":79,"column":6},"end":{"line":79,"column":22}},"39":{"start":{"line":83,"column":2},"end":{"line":88,"column":3}},"40":{"start":{"line":84,"column":4},"end":{"line":87,"column":7}},"41":{"start":{"line":90,"column":2},"end":{"line":97,"column":3}},"42":{"start":{"line":91,"column":4},"end":{"line":96,"column":7}},"43":{"start":{"line":99,"column":2},"end":{"line":118,"column":3}},"44":{"start":{"line":100,"column":4},"end":{"line":101,"column":48}},"45":{"start":{"line":103,"column":4},"end":{"line":103,"column":24}},"46":{"start":{"line":104,"column":4},"end":{"line":104,"column":21}},"47":{"start":{"line":105,"column":4},"end":{"line":116,"column":6}},"48":{"start":{"line":106,"column":6},"end":{"line":106,"column":55}},"49":{"start":{"line":108,"column":6},"end":{"line":110,"column":7}},"50":{"start":{"line":109,"column":8},"end":{"line":109,"column":48}},"51":{"start":{"line":112,"column":6},"end":{"line":112,"column":20}},"52":{"start":{"line":113,"column":6},"end":{"line":115,"column":7}},"53":{"start":{"line":114,"column":8},"end":{"line":114,"column":19}},"54":{"start":{"line":117,"column":4},"end":{"line":117,"column":49}},"55":{"start":{"line":120,"column":2},"end":{"line":129,"column":3}},"56":{"start":{"line":121,"column":4},"end":{"line":121,"column":15}},"57":{"start":{"line":125,"column":4},"end":{"line":127,"column":7}},"58":{"start":{"line":126,"column":6},"end":{"line":126,"column":28}},"59":{"start":{"line":128,"column":4},"end":{"line":128,"column":13}},"60":{"start":{"line":131,"column":2},"end":{"line":133,"column":4}},"61":{"start":{"line":132,"column":4},"end":{"line":132,"column":30}},"62":{"start":{"line":135,"column":2},"end":{"line":137,"column":4}},"63":{"start":{"line":136,"column":4},"end":{"line":136,"column":30}},"64":{"start":{"line":139,"column":2},"end":{"line":141,"column":4}},"65":{"start":{"line":140,"column":4},"end":{"line":140,"column":37}},"66":{"start":{"line":143,"column":2},"end":{"line":145,"column":4}},"67":{"start":{"line":144,"column":4},"end":{"line":144,"column":36}},"68":{"start":{"line":147,"column":2},"end":{"line":149,"column":4}},"69":{"start":{"line":148,"column":4},"end":{"line":148,"column":27}}},"branchMap":{"1":{"line":8,"type":"if","locations":[{"start":{"line":8,"column":4},"end":{"line":8,"column":4}},{"start":{"line":8,"column":4},"end":{"line":8,"column":4}}]},"2":{"line":12,"type":"binary-expr","locations":[{"start":{"line":12,"column":16},"end":{"line":12,"column":23}},{"start":{"line":12,"column":27},"end":{"line":12,"column":29}}]},"3":{"line":19,"type":"if","locations":[{"start":{"line":19,"column":10},"end":{"line":19,"column":10}},{"start":{"line":19,"column":10},"end":{"line":19,"column":10}}]},"4":{"line":25,"type":"binary-expr","locations":[{"start":{"line":25,"column":13},"end":{"line":25,"column":25}},{"start":{"line":25,"column":29},"end":{"line":25,"column":34}}]},"5":{"line":26,"type":"cond-expr","locations":[{"start":{"line":26,"column":28},"end":{"line":26,"column":52}},{"start":{"line":26,"column":55},"end":{"line":26,"column":57}}]},"6":{"line":27,"type":"binary-expr","locations":[{"start":{"line":27,"column":14},"end":{"line":27,"column":27}},{"start":{"line":27,"column":31},"end":{"line":27,"column":35}}]},"7":{"line":28,"type":"binary-expr","locations":[{"start":{"line":28,"column":16},"end":{"line":28,"column":31}},{"start":{"line":28,"column":35},"end":{"line":28,"column":40}}]},"8":{"line":29,"type":"binary-expr","locations":[{"start":{"line":29,"column":17},"end":{"line":29,"column":33}},{"start":{"line":29,"column":37},"end":{"line":29,"column":43}}]},"9":{"line":30,"type":"binary-expr","locations":[{"start":{"line":30,"column":14},"end":{"line":30,"column":27}},{"start":{"line":30,"column":31},"end":{"line":30,"column":36}}]},"10":{"line":33,"type":"if","locations":[{"start":{"line":33,"column":4},"end":{"line":33,"column":4}},{"start":{"line":33,"column":4},"end":{"line":33,"column":4}}]},"11":{"line":35,"type":"if","locations":[{"start":{"line":35,"column":6},"end":{"line":35,"column":6}},{"start":{"line":35,"column":6},"end":{"line":35,"column":6}}]},"12":{"line":37,"type":"if","locations":[{"start":{"line":37,"column":13},"end":{"line":37,"column":13}},{"start":{"line":37,"column":13},"end":{"line":37,"column":13}}]},"13":{"line":42,"type":"if","locations":[{"start":{"line":42,"column":4},"end":{"line":42,"column":4}},{"start":{"line":42,"column":4},"end":{"line":42,"column":4}}]},"14":{"line":46,"type":"if","locations":[{"start":{"line":46,"column":6},"end":{"line":46,"column":6}},{"start":{"line":46,"column":6},"end":{"line":46,"column":6}}]},"15":{"line":51,"type":"if","locations":[{"start":{"line":51,"column":8},"end":{"line":51,"column":8},"skip":true},{"start":{"line":51,"column":8},"end":{"line":51,"column":8}}]},"16":{"line":53,"type":"if","locations":[{"start":{"line":53,"column":10},"end":{"line":53,"column":10},"skip":true},{"start":{"line":53,"column":10},"end":{"line":53,"column":10},"skip":true}]},"17":{"line":55,"type":"if","locations":[{"start":{"line":55,"column":14},"end":{"line":55,"column":14},"skip":true},{"start":{"line":55,"column":14},"end":{"line":55,"column":14},"skip":true}]},"18":{"line":55,"type":"binary-expr","locations":[{"start":{"line":55,"column":17},"end":{"line":55,"column":36},"skip":true},{"start":{"line":55,"column":40},"end":{"line":55,"column":59},"skip":true}]},"19":{"line":57,"type":"if","locations":[{"start":{"line":57,"column":21},"end":{"line":57,"column":21},"skip":true},{"start":{"line":57,"column":21},"end":{"line":57,"column":21},"skip":true}]},"20":{"line":59,"type":"if","locations":[{"start":{"line":59,"column":21},"end":{"line":59,"column":21},"skip":true},{"start":{"line":59,"column":21},"end":{"line":59,"column":21},"skip":true}]},"21":{"line":72,"type":"if","locations":[{"start":{"line":72,"column":12},"end":{"line":72,"column":12},"skip":true},{"start":{"line":72,"column":12},"end":{"line":72,"column":12},"skip":true}]},"22":{"line":100,"type":"binary-expr","locations":[{"start":{"line":100,"column":15},"end":{"line":100,"column":28}},{"start":{"line":100,"column":32},"end":{"line":100,"column":47}},{"start":{"line":100,"column":51},"end":{"line":100,"column":75}}]},"23":{"line":108,"type":"if","locations":[{"start":{"line":108,"column":6},"end":{"line":108,"column":6}},{"start":{"line":108,"column":6},"end":{"line":108,"column":6}}]},"24":{"line":113,"type":"if","locations":[{"start":{"line":113,"column":6},"end":{"line":113,"column":6}},{"start":{"line":113,"column":6},"end":{"line":113,"column":6}}]}}},"src/glue.cookie.js":{"path":"src/glue.cookie.js","s":{"1":1,"2":1,"3":4,"4":4,"5":0,"6":4,"7":4,"8":4,"9":4,"10":1,"11":5,"12":5,"13":5,"14":1,"15":9,"16":9,"17":9,"18":1,"19":1,"20":1,"21":2,"22":2,"23":1,"24":1,"25":9,"26":9,"27":14,"28":14,"29":9,"30":1,"31":5,"32":5,"33":5,"34":1,"35":15,"36":14,"37":9,"38":5,"39":1,"40":1,"41":2,"42":0,"43":2,"44":2,"45":1,"46":15,"47":1,"48":2},"b":{"1":[0,4],"2":[9,0],"3":[5,1],"4":[4,1],"5":[2,3],"6":[0,5],"7":[0,5],"8":[14,1],"9":[9,5],"10":[14,9],"11":[0,2],"12":[2,2]},"f":{"1":1,"2":4,"3":5,"4":9,"5":1,"6":2,"7":9,"8":5,"9":15,"10":2,"11":15,"12":2},"fnMap":{"1":{"name":"(anonymous_1)","line":3,"loc":{"start":{"line":3,"column":1},"end":{"line":3,"column":16}}},"2":{"name":"getExpireDate","line":6,"loc":{"start":{"line":6,"column":2},"end":{"line":6,"column":31}}},"3":{"name":"encode","line":18,"loc":{"start":{"line":18,"column":2},"end":{"line":18,"column":23}}},"4":{"name":"decode","line":25,"loc":{"start":{"line":25,"column":2},"end":{"line":25,"column":23}}},"5":{"name":"cookiesToObject","line":32,"loc":{"start":{"line":32,"column":2},"end":{"line":32,"column":29}}},"6":{"name":"(anonymous_6)","line":34,"loc":{"start":{"line":34,"column":42},"end":{"line":34,"column":66}}},"7":{"name":"getCookie","line":41,"loc":{"start":{"line":41,"column":2},"end":{"line":41,"column":26}}},"8":{"name":"setCookie","line":54,"loc":{"start":{"line":54,"column":2},"end":{"line":54,"column":42}}},"9":{"name":"cookie","line":66,"loc":{"start":{"line":66,"column":2},"end":{"line":66,"column":39}}},"10":{"name":"removeCookie","line":78,"loc":{"start":{"line":78,"column":2},"end":{"line":78,"column":38}}},"11":{"name":"(anonymous_11)","line":92,"loc":{"start":{"line":92,"column":16},"end":{"line":92,"column":46}}},"12":{"name":"(anonymous_12)","line":99,"loc":{"start":{"line":99,"column":22},"end":{"line":99,"column":45}}}},"statementMap":{"1":{"start":{"line":3,"column":0},"end":{"line":103,"column":9}},"2":{"start":{"line":6,"column":2},"end":{"line":16,"column":3}},"3":{"start":{"line":7,"column":4},"end":{"line":7,"column":23}},"4":{"start":{"line":8,"column":4},"end":{"line":15,"column":5}},"5":{"start":{"line":9,"column":6},"end":{"line":9,"column":16}},"6":{"start":{"line":11,"column":6},"end":{"line":11,"column":59}},"7":{"start":{"line":12,"column":6},"end":{"line":12,"column":23}},"8":{"start":{"line":13,"column":6},"end":{"line":13,"column":45}},"9":{"start":{"line":14,"column":6},"end":{"line":14,"column":31}},"10":{"start":{"line":18,"column":2},"end":{"line":23,"column":3}},"11":{"start":{"line":19,"column":4},"end":{"line":21,"column":20}},"12":{"start":{"line":20,"column":6},"end":{"line":20,"column":36}},"13":{"start":{"line":22,"column":4},"end":{"line":22,"column":15}},"14":{"start":{"line":25,"column":2},"end":{"line":30,"column":3}},"15":{"start":{"line":26,"column":4},"end":{"line":28,"column":20}},"16":{"start":{"line":27,"column":6},"end":{"line":27,"column":36}},"17":{"start":{"line":29,"column":4},"end":{"line":29,"column":15}},"18":{"start":{"line":32,"column":2},"end":{"line":39,"column":3}},"19":{"start":{"line":33,"column":4},"end":{"line":33,"column":21}},"20":{"start":{"line":34,"column":4},"end":{"line":37,"column":7}},"21":{"start":{"line":35,"column":6},"end":{"line":35,"column":36}},"22":{"start":{"line":36,"column":6},"end":{"line":36,"column":35}},"23":{"start":{"line":38,"column":4},"end":{"line":38,"column":19}},"24":{"start":{"line":41,"column":2},"end":{"line":52,"column":3}},"25":{"start":{"line":42,"column":4},"end":{"line":45,"column":59}},"26":{"start":{"line":46,"column":4},"end":{"line":50,"column":5}},"27":{"start":{"line":47,"column":6},"end":{"line":49,"column":22}},"28":{"start":{"line":48,"column":8},"end":{"line":48,"column":46}},"29":{"start":{"line":51,"column":4},"end":{"line":51,"column":36}},"30":{"start":{"line":54,"column":2},"end":{"line":64,"column":3}},"31":{"start":{"line":55,"column":4},"end":{"line":55,"column":28}},"32":{"start":{"line":56,"column":4},"end":{"line":62,"column":17}},"33":{"start":{"line":63,"column":4},"end":{"line":63,"column":27}},"34":{"start":{"line":66,"column":2},"end":{"line":76,"column":3}},"35":{"start":{"line":67,"column":4},"end":{"line":75,"column":5}},"36":{"start":{"line":68,"column":6},"end":{"line":72,"column":7}},"37":{"start":{"line":69,"column":8},"end":{"line":69,"column":39}},"38":{"start":{"line":71,"column":8},"end":{"line":71,"column":39}},"39":{"start":{"line":74,"column":6},"end":{"line":74,"column":31}},"40":{"start":{"line":78,"column":2},"end":{"line":87,"column":3}},"41":{"start":{"line":79,"column":4},"end":{"line":86,"column":5}},"42":{"start":{"line":80,"column":6},"end":{"line":80,"column":19}},"43":{"start":{"line":82,"column":6},"end":{"line":84,"column":10}},"44":{"start":{"line":85,"column":6},"end":{"line":85,"column":31}},"45":{"start":{"line":92,"column":2},"end":{"line":94,"column":4}},"46":{"start":{"line":93,"column":4},"end":{"line":93,"column":39}},"47":{"start":{"line":99,"column":2},"end":{"line":101,"column":4}},"48":{"start":{"line":100,"column":4},"end":{"line":100,"column":38}}},"branchMap":{"1":{"line":8,"type":"if","locations":[{"start":{"line":8,"column":4},"end":{"line":8,"column":4}},{"start":{"line":8,"column":4},"end":{"line":8,"column":4}}]},"2":{"line":51,"type":"binary-expr","locations":[{"start":{"line":51,"column":11},"end":{"line":51,"column":29}},{"start":{"line":51,"column":33},"end":{"line":51,"column":35}}]},"3":{"line":55,"type":"binary-expr","locations":[{"start":{"line":55,"column":14},"end":{"line":55,"column":21}},{"start":{"line":55,"column":25},"end":{"line":55,"column":27}}]},"4":{"line":58,"type":"cond-expr","locations":[{"start":{"line":58,"column":26},"end":{"line":58,"column":71}},{"start":{"line":58,"column":74},"end":{"line":58,"column":76}}]},"5":{"line":59,"type":"cond-expr","locations":[{"start":{"line":59,"column":23},"end":{"line":59,"column":47}},{"start":{"line":59,"column":50},"end":{"line":59,"column":52}}]},"6":{"line":60,"type":"cond-expr","locations":[{"start":{"line":60,"column":25},"end":{"line":60,"column":53}},{"start":{"line":60,"column":56},"end":{"line":60,"column":58}}]},"7":{"line":61,"type":"cond-expr","locations":[{"start":{"line":61,"column":25},"end":{"line":61,"column":35}},{"start":{"line":61,"column":38},"end":{"line":61,"column":40}}]},"8":{"line":67,"type":"if","locations":[{"start":{"line":67,"column":4},"end":{"line":67,"column":4}},{"start":{"line":67,"column":4},"end":{"line":67,"column":4}}]},"9":{"line":68,"type":"if","locations":[{"start":{"line":68,"column":6},"end":{"line":68,"column":6}},{"start":{"line":68,"column":6},"end":{"line":68,"column":6}}]},"10":{"line":68,"type":"binary-expr","locations":[{"start":{"line":68,"column":10},"end":{"line":68,"column":29}},{"start":{"line":68,"column":33},"end":{"line":68,"column":54}}]},"11":{"line":79,"type":"if","locations":[{"start":{"line":79,"column":4},"end":{"line":79,"column":4}},{"start":{"line":79,"column":4},"end":{"line":79,"column":4}}]},"12":{"line":82,"type":"binary-expr","locations":[{"start":{"line":82,"column":39},"end":{"line":82,"column":46}},{"start":{"line":82,"column":50},"end":{"line":82,"column":52}}]}}},"src/glue.misc.js":{"path":"src/glue.misc.js","s":{"1":1,"2":1,"3":1,"4":1,"5":4,"6":1,"7":1,"8":1,"9":0,"10":1,"11":1,"12":1,"13":0,"14":1,"15":1,"16":1,"17":1,"18":1,"19":1,"20":1,"21":1,"22":1,"23":1,"24":1,"25":1,"26":1,"27":1,"28":1,"29":1,"30":1,"31":1,"32":1,"33":1,"34":1,"35":1,"36":1,"37":1,"38":1},"b":{"1":[1,0],"2":[1,0],"3":[1,0],"4":[1,0],"5":[1,0]},"f":{"1":1,"2":1,"3":1,"4":0,"5":1,"6":0,"7":1,"8":1,"9":1,"10":1,"11":1,"12":1,"13":1,"14":1,"15":1,"16":1,"17":1},"fnMap":{"1":{"name":"(anonymous_1)","line":3,"loc":{"start":{"line":3,"column":1},"end":{"line":3,"column":15}}},"2":{"name":"times","line":8,"loc":{"start":{"line":8,"column":2},"end":{"line":8,"column":30}}},"3":{"name":"lazy","line":16,"loc":{"start":{"line":16,"column":2},"end":{"line":16,"column":29}}},"4":{"name":"(anonymous_4)","line":18,"loc":{"start":{"line":18,"column":17},"end":{"line":18,"column":27}}},"5":{"name":"defer","line":29,"loc":{"start":{"line":29,"column":2},"end":{"line":29,"column":21}}},"6":{"name":"(anonymous_6)","line":31,"loc":{"start":{"line":31,"column":17},"end":{"line":31,"column":27}}},"7":{"name":"escapeURL","line":37,"loc":{"start":{"line":37,"column":2},"end":{"line":37,"column":26}}},"8":{"name":"escapeHTML","line":43,"loc":{"start":{"line":43,"column":2},"end":{"line":43,"column":35}}},"9":{"name":"uniqueId","line":54,"loc":{"start":{"line":54,"column":2},"end":{"line":54,"column":28}}},"10":{"name":"random","line":60,"loc":{"start":{"line":60,"column":2},"end":{"line":60,"column":29}}},"11":{"name":"(anonymous_11)","line":68,"loc":{"start":{"line":68,"column":11},"end":{"line":68,"column":24}}},"12":{"name":"(anonymous_12)","line":72,"loc":{"start":{"line":72,"column":10},"end":{"line":72,"column":23}}},"13":{"name":"(anonymous_13)","line":78,"loc":{"start":{"line":78,"column":16},"end":{"line":78,"column":35}}},"14":{"name":"(anonymous_14)","line":82,"loc":{"start":{"line":82,"column":18},"end":{"line":82,"column":35}}},"15":{"name":"(anonymous_15)","line":86,"loc":{"start":{"line":86,"column":15},"end":{"line":86,"column":28}}},"16":{"name":"(anonymous_16)","line":90,"loc":{"start":{"line":90,"column":19},"end":{"line":90,"column":33}}},"17":{"name":"(anonymous_17)","line":94,"loc":{"start":{"line":94,"column":20},"end":{"line":94,"column":35}}}},"statementMap":{"1":{"start":{"line":3,"column":0},"end":{"line":98,"column":9}},"2":{"start":{"line":8,"column":2},"end":{"line":14,"column":3}},"3":{"start":{"line":9,"column":4},"end":{"line":13,"column":5}},"4":{"start":{"line":10,"column":6},"end":{"line":12,"column":7}},"5":{"start":{"line":11,"column":8},"end":{"line":11,"column":14}},"6":{"start":{"line":16,"column":2},"end":{"line":22,"column":3}},"7":{"start":{"line":17,"column":4},"end":{"line":21,"column":5}},"8":{"start":{"line":18,"column":6},"end":{"line":20,"column":21}},"9":{"start":{"line":19,"column":8},"end":{"line":19,"column":13}},"10":{"start":{"line":29,"column":2},"end":{"line":35,"column":3}},"11":{"start":{"line":30,"column":4},"end":{"line":34,"column":5}},"12":{"start":{"line":31,"column":6},"end":{"line":33,"column":12}},"13":{"start":{"line":32,"column":8},"end":{"line":32,"column":13}},"14":{"start":{"line":37,"column":2},"end":{"line":41,"column":3}},"15":{"start":{"line":38,"column":4},"end":{"line":40,"column":5}},"16":{"start":{"line":39,"column":6},"end":{"line":39,"column":37}},"17":{"start":{"line":43,"column":2},"end":{"line":50,"column":3}},"18":{"start":{"line":44,"column":4},"end":{"line":49,"column":34}},"19":{"start":{"line":52,"column":2},"end":{"line":52,"column":20}},"20":{"start":{"line":54,"column":2},"end":{"line":58,"column":3}},"21":{"start":{"line":55,"column":4},"end":{"line":55,"column":17}},"22":{"start":{"line":56,"column":4},"end":{"line":56,"column":28}},"23":{"start":{"line":57,"column":4},"end":{"line":57,"column":37}},"24":{"start":{"line":60,"column":2},"end":{"line":62,"column":2}},"25":{"start":{"line":61,"column":2},"end":{"line":61,"column":59}},"26":{"start":{"line":66,"column":2},"end":{"line":76,"column":5}},"27":{"start":{"line":69,"column":6},"end":{"line":69,"column":29}},"28":{"start":{"line":73,"column":6},"end":{"line":73,"column":28}},"29":{"start":{"line":78,"column":2},"end":{"line":80,"column":4}},"30":{"start":{"line":79,"column":4},"end":{"line":79,"column":28}},"31":{"start":{"line":82,"column":2},"end":{"line":84,"column":4}},"32":{"start":{"line":83,"column":4},"end":{"line":83,"column":28}},"33":{"start":{"line":86,"column":2},"end":{"line":88,"column":4}},"34":{"start":{"line":87,"column":4},"end":{"line":87,"column":21}},"35":{"start":{"line":90,"column":2},"end":{"line":92,"column":4}},"36":{"start":{"line":91,"column":4},"end":{"line":91,"column":26}},"37":{"start":{"line":94,"column":2},"end":{"line":96,"column":4}},"38":{"start":{"line":95,"column":4},"end":{"line":95,"column":28}}},"branchMap":{"1":{"line":9,"type":"if","locations":[{"start":{"line":9,"column":4},"end":{"line":9,"column":4}},{"start":{"line":9,"column":4},"end":{"line":9,"column":4}}]},"2":{"line":17,"type":"if","locations":[{"start":{"line":17,"column":4},"end":{"line":17,"column":4}},{"start":{"line":17,"column":4},"end":{"line":17,"column":4}}]},"3":{"line":30,"type":"if","locations":[{"start":{"line":30,"column":4},"end":{"line":30,"column":4}},{"start":{"line":30,"column":4},"end":{"line":30,"column":4}}]},"4":{"line":38,"type":"if","locations":[{"start":{"line":38,"column":4},"end":{"line":38,"column":4}},{"start":{"line":38,"column":4},"end":{"line":38,"column":4}}]},"5":{"line":57,"type":"cond-expr","locations":[{"start":{"line":57,"column":20},"end":{"line":57,"column":31}},{"start":{"line":57,"column":34},"end":{"line":57,"column":36}}]}}},"src/glue.template.js":{"path":"src/glue.template.js","s":{"1":1,"2":1,"3":1,"4":1,"5":1,"6":3,"7":3,"8":5,"9":5,"10":0,"11":5,"12":3,"13":1,"14":1},"b":{"1":[0,5],"2":[3,2]},"f":{"1":1,"2":1,"3":1,"4":3,"5":1},"fnMap":{"1":{"name":"(anonymous_1)","line":7,"loc":{"start":{"line":7,"column":1},"end":{"line":7,"column":15}}},"2":{"name":"template","line":10,"loc":{"start":{"line":10,"column":2},"end":{"line":10,"column":32}}},"3":{"name":"(anonymous_3)","line":13,"loc":{"start":{"line":13,"column":11},"end":{"line":13,"column":26}}},"4":{"name":"(anonymous_4)","line":14,"loc":{"start":{"line":14,"column":30},"end":{"line":14,"column":58}}},"5":{"name":"(anonymous_5)","line":42,"loc":{"start":{"line":42,"column":18},"end":{"line":42,"column":39}}}},"statementMap":{"1":{"start":{"line":7,"column":0},"end":{"line":46,"column":9}},"2":{"start":{"line":10,"column":2},"end":{"line":36,"column":3}},"3":{"start":{"line":11,"column":4},"end":{"line":11,"column":71}},"4":{"start":{"line":13,"column":4},"end":{"line":34,"column":6}},"5":{"start":{"line":14,"column":6},"end":{"line":33,"column":9}},"6":{"start":{"line":16,"column":8},"end":{"line":19,"column":24}},"7":{"start":{"line":21,"column":8},"end":{"line":31,"column":9}},"8":{"start":{"line":22,"column":10},"end":{"line":22,"column":32}},"9":{"start":{"line":24,"column":10},"end":{"line":26,"column":11}},"10":{"start":{"line":25,"column":12},"end":{"line":25,"column":82}},"11":{"start":{"line":28,"column":10},"end":{"line":30,"column":11}},"12":{"start":{"line":29,"column":12},"end":{"line":29,"column":24}},"13":{"start":{"line":42,"column":2},"end":{"line":44,"column":4}},"14":{"start":{"line":43,"column":4},"end":{"line":43,"column":32}}},"branchMap":{"1":{"line":24,"type":"if","locations":[{"start":{"line":24,"column":10},"end":{"line":24,"column":10}},{"start":{"line":24,"column":10},"end":{"line":24,"column":10}}]},"2":{"line":28,"type":"if","locations":[{"start":{"line":28,"column":10},"end":{"line":28,"column":10}},{"start":{"line":28,"column":10},"end":{"line":28,"column":10}}]}}},"src/glue.promise.js":{"path":"src/glue.promise.js","s":{"1":1,"2":1,"3":4,"4":1,"5":2,"6":2,"7":0,"8":0,"9":2,"10":2,"11":1,"12":1,"13":1,"14":2,"15":1,"16":1,"17":1,"18":1,"19":1,"20":1,"21":2},"b":{"1":[0,2],"2":[1,0],"3":[1,1]},"f":{"1":1,"2":4,"3":2,"4":1,"5":1,"6":2},"fnMap":{"1":{"name":"(anonymous_1)","line":5,"loc":{"start":{"line":5,"column":1},"end":{"line":5,"column":16}}},"2":{"name":"Promise","line":7,"loc":{"start":{"line":7,"column":2},"end":{"line":7,"column":21}}},"3":{"name":"(anonymous_3)","line":13,"loc":{"start":{"line":13,"column":11},"end":{"line":13,"column":35}}},"4":{"name":"(anonymous_4)","line":20,"loc":{"start":{"line":20,"column":28},"end":{"line":20,"column":39}}},"5":{"name":"(anonymous_5)","line":30,"loc":{"start":{"line":30,"column":11},"end":{"line":30,"column":22}}},"6":{"name":"(anonymous_6)","line":44,"loc":{"start":{"line":44,"column":17},"end":{"line":44,"column":28}}}},"statementMap":{"1":{"start":{"line":5,"column":0},"end":{"line":50,"column":9}},"2":{"start":{"line":7,"column":2},"end":{"line":9,"column":3}},"3":{"start":{"line":8,"column":4},"end":{"line":8,"column":24}},"4":{"start":{"line":11,"column":2},"end":{"line":39,"column":4}},"5":{"start":{"line":14,"column":6},"end":{"line":14,"column":13}},"6":{"start":{"line":15,"column":6},"end":{"line":26,"column":7}},"7":{"start":{"line":16,"column":8},"end":{"line":16,"column":44}},"8":{"start":{"line":17,"column":8},"end":{"line":17,"column":28}},"9":{"start":{"line":19,"column":8},"end":{"line":19,"column":27}},"10":{"start":{"line":20,"column":8},"end":{"line":25,"column":11}},"11":{"start":{"line":21,"column":10},"end":{"line":21,"column":51}},"12":{"start":{"line":22,"column":10},"end":{"line":24,"column":11}},"13":{"start":{"line":23,"column":12},"end":{"line":23,"column":34}},"14":{"start":{"line":27,"column":6},"end":{"line":27,"column":16}},"15":{"start":{"line":31,"column":6},"end":{"line":31,"column":28}},"16":{"start":{"line":32,"column":6},"end":{"line":32,"column":25}},"17":{"start":{"line":33,"column":6},"end":{"line":35,"column":7}},"18":{"start":{"line":34,"column":8},"end":{"line":34,"column":49}},"19":{"start":{"line":36,"column":6},"end":{"line":36,"column":26}},"20":{"start":{"line":44,"column":2},"end":{"line":46,"column":4}},"21":{"start":{"line":45,"column":4},"end":{"line":45,"column":25}}},"branchMap":{"1":{"line":15,"type":"if","locations":[{"start":{"line":15,"column":6},"end":{"line":15,"column":6}},{"start":{"line":15,"column":6},"end":{"line":15,"column":6}}]},"2":{"line":22,"type":"if","locations":[{"start":{"line":22,"column":10},"end":{"line":22,"column":10}},{"start":{"line":22,"column":10},"end":{"line":22,"column":10}}]},"3":{"line":22,"type":"binary-expr","locations":[{"start":{"line":22,"column":14},"end":{"line":22,"column":17}},{"start":{"line":22,"column":21},"end":{"line":22,"column":46}}]}}}}